<?xml version="1.0" encoding="UTF-8"?>
<!-- Generated by org.testng.reporters.JUnitReportReporter -->
<testsuite hostname="NORLAP14" name="RestAssured1.GetREST" tests="1" failures="0" timestamp="26 Jun 2019 08:46:23 GMT" time="169.569" errors="0">
  <testcase name="getTest" time="169.569" classname="RestAssured1.GetREST"/>
</testsuite> <!-- RestAssured1.GetREST -->
