<?xml version="1.0" encoding="UTF-8"?>
<!-- Generated by org.testng.reporters.JUnitReportReporter -->
<testsuite hostname="NORLAP14" name="Testing_Purpose.Test_1" tests="1" failures="0" timestamp="3 Jul 2019 09:57:13 GMT" time="79.922" errors="0">
  <testcase name="f" time="79.922" classname="Testing_Purpose.Test_1"/>
</testsuite> <!-- Testing_Purpose.Test_1 -->
