<?xml version="1.0" encoding="UTF-8"?>
<!-- Generated by org.testng.reporters.JUnitReportReporter -->
<testsuite hostname="NORLAP14" name="Test_Pack1.My_Testing" tests="1" failures="0" timestamp="7 Jun 2019 12:11:44 GMT" time="13.533" errors="0">
  <testcase name="test1" time="13.533" classname="Test_Pack1.My_Testing"/>
</testsuite> <!-- Test_Pack1.My_Testing -->
