<?xml version="1.0" encoding="UTF-8"?>
<!-- Generated by org.testng.reporters.JUnitReportReporter -->
<testsuite hostname="NORLAP14" name="RestAssuredAPI.Post_Get_Method1" tests="3" failures="0" timestamp="18 Jul 2019 07:47:13 GMT" time="375.014" errors="0">
  <testcase name="getMethod" time="36.099" classname="RestAssuredAPI.Post_Get_Method1"/>
  <testcase name="getMethod1" time="0.996" classname="RestAssuredAPI.Post_Get_Method1"/>
  <testcase name="postMethod" time="337.919" classname="RestAssuredAPI.Post_Get_Method1"/>
</testsuite> <!-- RestAssuredAPI.Post_Get_Method1 -->
