<?xml version="1.0" encoding="UTF-8"?>
<!-- Generated by org.testng.reporters.JUnitReportReporter -->
<testsuite hostname="NORLAP14" name="RestAssuredAPI.CreateCustomerAPI" tests="1" failures="0" timestamp="5 Jul 2019 11:18:37 GMT" time="2.606" errors="0">
  <testcase name="countryNames" time="2.606" classname="RestAssuredAPI.CreateCustomerAPI"/>
</testsuite> <!-- RestAssuredAPI.CreateCustomerAPI -->
